<?xml version="1.0" encoding="UTF-8"?>
<!-- Generated by org.testng.reporters.JUnitReportReporter -->
<testsuite hostname="LAPTOP-644D0OPQ" failures="0" tests="6" name="com.TestNG_RunnerClass.TestNgRunner" time="579.793" errors="0" timestamp="2022-02-15T10:21:32 IST" skipped="1">
  <testcase classname="com.TestNG_RunnerClass.TestNgRunner" name="women" time="203.239"/>
  <system-out/>
  <testcase classname="com.TestNG_RunnerClass.TestNgRunner" name="womenTshirt" time="101.605"/>
  <system-out/>
  <testcase classname="com.TestNG_RunnerClass.TestNgRunner" name="dresses" time="90.200"/>
  <system-out/>
  <testcase classname="com.TestNG_RunnerClass.TestNgRunner" name="blouses" time="94.928"/>
  <system-out/>
  <testcase classname="com.TestNG_RunnerClass.TestNgRunner" name="blouses" time="89.821"/>
  <system-out/>
  <testcase classname="com.TestNG_RunnerClass.TestNgRunner" name="summerDresses">
    <skipped/>
  </testcase> <!-- summerDresses -->
  <system-out/>
</testsuite> <!-- com.TestNG_RunnerClass.TestNgRunner -->
